[0m01:10:59.136776 [debug] [MainThread]: Sending event: {'category': 'dbt', 'action': 'invocation', 'label': 'start', 'context': [<snowplow_tracker.self_describing_json.SelfDescribingJson object at 0x75579b2359f0>, <snowplow_tracker.self_describing_json.SelfDescribingJson object at 0x755799ae7910>, <snowplow_tracker.self_describing_json.SelfDescribingJson object at 0x755799ae6ec0>]}


============================== 01:10:59.140205 | 438f3bce-be02-4ee2-83f3-0b6d69e68618 ==============================
[0m01:10:59.140205 [info ] [MainThread]: Running with dbt=1.8.2
[0m01:10:59.140861 [debug] [MainThread]: running dbt with arguments {'printer_width': '80', 'indirect_selection': 'eager', 'write_json': 'True', 'log_cache_events': 'False', 'partial_parse': 'True', 'cache_selected_only': 'False', 'profiles_dir': '/home/vscode/.dbt', 'fail_fast': 'False', 'warn_error': 'None', 'log_path': 'logs', 'version_check': 'True', 'debug': 'False', 'use_colors': 'True', 'use_experimental_parser': 'False', 'no_print': 'None', 'quiet': 'False', 'log_format': 'default', 'static_parser': 'True', 'warn_error_options': 'WarnErrorOptions(include=[], exclude=[])', 'invocation_command': 'dbt init', 'target_path': 'None', 'introspect': 'True', 'send_anonymous_usage_stats': 'True'}
[0m01:11:11.748117 [debug] [MainThread]: Starter project path: /home/vscode/.local/lib/python3.10/site-packages/dbt/include/starter_project
[0m01:11:11.753547 [info ] [MainThread]: 
Your new dbt project "coffee_shop_dre" was created!

For more information on how to configure the profiles.yml file,
please consult the dbt documentation here:

  https://docs.getdbt.com/docs/configure-your-profile

One more thing:

Need help? Don't hesitate to reach out to us via GitHub issues or on Slack:

  https://community.getdbt.com/

Happy modeling!

[0m01:11:11.754145 [info ] [MainThread]: Setting up your profile.
[0m01:11:50.539997 [info ] [MainThread]: Profile coffee_shop_dre written to /home/vscode/.dbt/profiles.yml using target's profile_template.yml and your supplied values. Run 'dbt debug' to validate the connection.
[0m01:11:50.541258 [debug] [MainThread]: Resource report: {"command_name": "init", "command_success": true, "command_wall_clock_time": 51.454197, "process_user_time": 1.77491, "process_kernel_time": 0.184302, "process_mem_max_rss": "196604", "process_in_blocks": "632", "process_out_blocks": "80"}
[0m01:11:50.542060 [debug] [MainThread]: Command `dbt init` succeeded at 01:11:50.541947 after 51.46 seconds
[0m01:11:50.542516 [debug] [MainThread]: Sending event: {'category': 'dbt', 'action': 'invocation', 'label': 'end', 'context': [<snowplow_tracker.self_describing_json.SelfDescribingJson object at 0x75579b2359f0>, <snowplow_tracker.self_describing_json.SelfDescribingJson object at 0x75578693c9a0>, <snowplow_tracker.self_describing_json.SelfDescribingJson object at 0x75579994b460>]}
[0m01:11:50.543148 [debug] [MainThread]: Flushing usage events
[0m01:18:28.778467 [debug] [MainThread]: Sending event: {'category': 'dbt', 'action': 'invocation', 'label': 'start', 'context': [<snowplow_tracker.self_describing_json.SelfDescribingJson object at 0x77e5a7e31a80>, <snowplow_tracker.self_describing_json.SelfDescribingJson object at 0x77e5a66a7310>, <snowplow_tracker.self_describing_json.SelfDescribingJson object at 0x77e5a66a69e0>]}


============================== 01:18:28.781942 | ffae00ac-eb4c-4c41-8a90-0ecc6ead6323 ==============================
[0m01:18:28.781942 [info ] [MainThread]: Running with dbt=1.8.2
[0m01:18:28.782641 [debug] [MainThread]: running dbt with arguments {'printer_width': '80', 'indirect_selection': 'eager', 'write_json': 'True', 'log_cache_events': 'False', 'partial_parse': 'True', 'cache_selected_only': 'False', 'warn_error': 'None', 'version_check': 'True', 'fail_fast': 'False', 'log_path': 'logs', 'profiles_dir': '/home/vscode/.dbt', 'debug': 'False', 'use_colors': 'True', 'use_experimental_parser': 'False', 'no_print': 'None', 'quiet': 'False', 'warn_error_options': 'WarnErrorOptions(include=[], exclude=[])', 'static_parser': 'True', 'invocation_command': 'dbt run', 'introspect': 'True', 'target_path': 'None', 'log_format': 'default', 'send_anonymous_usage_stats': 'True'}
[0m01:18:28.783190 [error] [MainThread]: Encountered an error:
Runtime Error
  No dbt_project.yml found at expected path /workspaces/ae-club-drefeeney/first-dbt-project/dbt_project.yml
  Verify that each entry within packages.yml (and their transitive dependencies) contains a file named dbt_project.yml
  
[0m01:18:28.784100 [debug] [MainThread]: Resource report: {"command_name": "run", "command_wall_clock_time": 0.05519943, "process_user_time": 1.093529, "process_kernel_time": 0.143675, "process_mem_max_rss": "85564", "process_out_blocks": "16", "command_success": false, "process_in_blocks": "0"}
[0m01:18:28.784695 [debug] [MainThread]: Command `dbt run` failed at 01:18:28.784593 after 0.06 seconds
[0m01:18:28.785110 [debug] [MainThread]: Sending event: {'category': 'dbt', 'action': 'invocation', 'label': 'end', 'context': [<snowplow_tracker.self_describing_json.SelfDescribingJson object at 0x77e5a7e31a80>, <snowplow_tracker.self_describing_json.SelfDescribingJson object at 0x77e5a66a7670>, <snowplow_tracker.self_describing_json.SelfDescribingJson object at 0x77e5a66a7cd0>]}
[0m01:18:28.785532 [debug] [MainThread]: Flushing usage events
[0m01:19:02.351205 [debug] [MainThread]: Sending event: {'category': 'dbt', 'action': 'invocation', 'label': 'start', 'context': [<snowplow_tracker.self_describing_json.SelfDescribingJson object at 0x7897281f9ae0>, <snowplow_tracker.self_describing_json.SelfDescribingJson object at 0x7897275721d0>, <snowplow_tracker.self_describing_json.SelfDescribingJson object at 0x789727570940>]}


============================== 01:19:02.354469 | 93a26f38-cdb6-4661-b735-1d7f56de70b9 ==============================
[0m01:19:02.354469 [info ] [MainThread]: Running with dbt=1.8.2
[0m01:19:02.355122 [debug] [MainThread]: running dbt with arguments {'printer_width': '80', 'indirect_selection': 'eager', 'write_json': 'True', 'log_cache_events': 'False', 'partial_parse': 'True', 'cache_selected_only': 'False', 'profiles_dir': '/home/vscode/.dbt', 'debug': 'False', 'version_check': 'True', 'log_path': 'logs', 'fail_fast': 'False', 'warn_error': 'None', 'use_colors': 'True', 'use_experimental_parser': 'False', 'no_print': 'None', 'quiet': 'False', 'warn_error_options': 'WarnErrorOptions(include=[], exclude=[])', 'introspect': 'True', 'log_format': 'default', 'invocation_command': 'dbt run', 'target_path': 'None', 'static_parser': 'True', 'send_anonymous_usage_stats': 'True'}
[0m01:19:02.355696 [error] [MainThread]: Encountered an error:
Runtime Error
  No dbt_project.yml found at expected path /workspaces/ae-club-drefeeney/first-dbt-project/dbt_project.yml
  Verify that each entry within packages.yml (and their transitive dependencies) contains a file named dbt_project.yml
  
[0m01:19:02.356572 [debug] [MainThread]: Resource report: {"command_name": "run", "command_wall_clock_time": 0.05407128, "process_user_time": 1.103256, "process_kernel_time": 0.112331, "process_mem_max_rss": "85548", "process_out_blocks": "8", "command_success": false, "process_in_blocks": "0"}
[0m01:19:02.357168 [debug] [MainThread]: Command `dbt run` failed at 01:19:02.357068 after 0.05 seconds
[0m01:19:02.357584 [debug] [MainThread]: Sending event: {'category': 'dbt', 'action': 'invocation', 'label': 'end', 'context': [<snowplow_tracker.self_describing_json.SelfDescribingJson object at 0x7897281f9ae0>, <snowplow_tracker.self_describing_json.SelfDescribingJson object at 0x789727571210>, <snowplow_tracker.self_describing_json.SelfDescribingJson object at 0x7897275721d0>]}
[0m01:19:02.358007 [debug] [MainThread]: Flushing usage events
[0m12:08:33.473700 [debug] [MainThread]: Sending event: {'category': 'dbt', 'action': 'invocation', 'label': 'start', 'context': [<snowplow_tracker.self_describing_json.SelfDescribingJson object at 0x7429edc7db10>, <snowplow_tracker.self_describing_json.SelfDescribingJson object at 0x7429ec53bee0>, <snowplow_tracker.self_describing_json.SelfDescribingJson object at 0x7429ec53a170>]}


============================== 12:08:33.481593 | 2180de8c-0f5e-4b84-ac69-12236359db36 ==============================
[0m12:08:33.481593 [info ] [MainThread]: Running with dbt=1.8.2
[0m12:08:33.482486 [debug] [MainThread]: running dbt with arguments {'printer_width': '80', 'indirect_selection': 'eager', 'log_cache_events': 'False', 'write_json': 'True', 'partial_parse': 'True', 'cache_selected_only': 'False', 'profiles_dir': '/home/vscode/.dbt', 'fail_fast': 'False', 'debug': 'False', 'log_path': 'logs', 'version_check': 'True', 'warn_error': 'None', 'use_colors': 'True', 'use_experimental_parser': 'False', 'no_print': 'None', 'quiet': 'False', 'warn_error_options': 'WarnErrorOptions(include=[], exclude=[])', 'invocation_command': 'dbt run', 'static_parser': 'True', 'log_format': 'default', 'target_path': 'None', 'introspect': 'True', 'send_anonymous_usage_stats': 'True'}
[0m12:08:33.483161 [error] [MainThread]: Encountered an error:
Runtime Error
  No dbt_project.yml found at expected path /workspaces/ae-club-drefeeney/first-dbt-project/dbt_project.yml
  Verify that each entry within packages.yml (and their transitive dependencies) contains a file named dbt_project.yml
  
[0m12:08:33.484247 [debug] [MainThread]: Resource report: {"command_name": "run", "command_wall_clock_time": 0.0628528, "process_user_time": 1.182058, "process_kernel_time": 0.119803, "process_mem_max_rss": "85332", "process_in_blocks": "8", "process_out_blocks": "16", "command_success": false}
[0m12:08:33.484964 [debug] [MainThread]: Command `dbt run` failed at 12:08:33.484845 after 0.06 seconds
[0m12:08:33.485463 [debug] [MainThread]: Sending event: {'category': 'dbt', 'action': 'invocation', 'label': 'end', 'context': [<snowplow_tracker.self_describing_json.SelfDescribingJson object at 0x7429edc7db10>, <snowplow_tracker.self_describing_json.SelfDescribingJson object at 0x7429ec9e61d0>, <snowplow_tracker.self_describing_json.SelfDescribingJson object at 0x7429ec9e7640>]}
[0m12:08:33.485957 [debug] [MainThread]: Flushing usage events
